Not searching for unused variables given on the command line.
[36m--[0m Using CATKIN_DEVEL_PREFIX: /home/ws/catkin_ws/devel/.private/turtlebot3_example
[36m--[0m Using CMAKE_PREFIX_PATH: /home/ws/catkin_ws/devel;/opt/ros/noetic
[36m--[0m This workspace overlays: /home/ws/catkin_ws/devel;/opt/ros/noetic
[36m--[0m Found PythonInterp: /usr/bin/python3 (found suitable version "3.8.10", minimum required is "3")
[36m--[0m Using PYTHON_EXECUTABLE: /usr/bin/python3
[36m--[0m Using Debian Python package layout
[36m--[0m Using empy: /usr/lib/python3/dist-packages/em.py
[36m--[0m Using CATKIN_ENABLE_TESTING: ON
[36m--[0m Call enable_testing()
[36m--[0m Using CATKIN_TEST_RESULTS_DIR: /home/ws/catkin_ws/build/turtlebot3_example/test_results
[36m--[0m Forcing gtest/gmock from source, though one was otherwise available.
[36m--[0m Found gtest sources under '/usr/src/googletest': gtests will be built
[36m--[0m Found gmock sources under '/usr/src/googletest': gmock will be built
[36m--[0m Found PythonInterp: /usr/bin/python3 (found version "3.8.10")
[36m--[0m Using Python nosetests: /usr/bin/nosetests3
[36m--[0m catkin 0.8.10
[36m--[0m BUILD_SHARED_LIBS is on
[36m--[0m Using these message generators: gencpp;geneus;genlisp;gennodejs;genpy
[36m--[0m Generating .msg files for action turtlebot3_example/Turtlebot3 /home/ws/catkin_ws/src/turtlebot3/turtlebot3_example/action/Turtlebot3.action
[36m--[0m turtlebot3_example: 7 messages, 0 services
[36m--[0m Installing devel-space wrapper /home/ws/catkin_ws/src/turtlebot3/turtlebot3_example/nodes/turtlebot3_obstacle to /home/ws/catkin_ws/devel/.private/turtlebot3_example/lib/turtlebot3_example
[36m--[0m Installing devel-space wrapper /home/ws/catkin_ws/src/turtlebot3/turtlebot3_example/nodes/turtlebot3_client to /home/ws/catkin_ws/devel/.private/turtlebot3_example/lib/turtlebot3_example
[36m--[0m Installing devel-space wrapper /home/ws/catkin_ws/src/turtlebot3/turtlebot3_example/nodes/turtlebot3_server to /home/ws/catkin_ws/devel/.private/turtlebot3_example/lib/turtlebot3_example
[36m--[0m Installing devel-space wrapper /home/ws/catkin_ws/src/turtlebot3/turtlebot3_example/nodes/turtlebot3_pointop_key to /home/ws/catkin_ws/devel/.private/turtlebot3_example/lib/turtlebot3_example
[36m--[0m Installing devel-space wrapper /home/ws/catkin_ws/src/turtlebot3/turtlebot3_example/nodes/turtlebot3_bumper to /home/ws/catkin_ws/devel/.private/turtlebot3_example/lib/turtlebot3_example
[36m--[0m Installing devel-space wrapper /home/ws/catkin_ws/src/turtlebot3/turtlebot3_example/nodes/turtlebot3_cliff to /home/ws/catkin_ws/devel/.private/turtlebot3_example/lib/turtlebot3_example
[36m--[0m Installing devel-space wrapper /home/ws/catkin_ws/src/turtlebot3/turtlebot3_example/nodes/turtlebot3_sonar to /home/ws/catkin_ws/devel/.private/turtlebot3_example/lib/turtlebot3_example
[36m--[0m Installing devel-space wrapper /home/ws/catkin_ws/src/turtlebot3/turtlebot3_example/nodes/turtlebot3_illumination to /home/ws/catkin_ws/devel/.private/turtlebot3_example/lib/turtlebot3_example
[36m--[0m Installing devel-space wrapper /home/ws/catkin_ws/src/turtlebot3/turtlebot3_example/nodes/turtlebot3_marker_server to /home/ws/catkin_ws/devel/.private/turtlebot3_example/lib/turtlebot3_example
[36m--[0m Configuring done
[36m--[0m Generating done
[36m--[0m Build files have been written to: /home/ws/catkin_ws/build/turtlebot3_example
